cl : command line warning D9035: option 'Gm' has been deprecated and will be removed in a future release
  stdafx.cpp
cl : command line warning D9035: option 'Gm' has been deprecated and will be removed in a future release
  Тор_3D.cpp
  Тор.cpp
C:\Users\User\Downloads\BSTU\5Sem\CourseProject\CourseWork_Vlad_Savin_KGIG\Тор\Тор\Тор.cpp(32,18): warning C4244: '=': conversion from 'double' to 'LONG', possible loss of data
C:\Users\User\Downloads\BSTU\5Sem\CourseProject\CourseWork_Vlad_Savin_KGIG\Тор\Тор\Тор.cpp(33,18): warning C4244: '=': conversion from 'double' to 'LONG', possible loss of data
C:\Users\User\Downloads\BSTU\5Sem\CourseProject\CourseWork_Vlad_Savin_KGIG\Тор\Тор\Тор.cpp(38,9): warning C4244: 'initializing': conversion from 'double' to 'int', possible loss of data
C:\Users\User\Downloads\BSTU\5Sem\CourseProject\CourseWork_Vlad_Savin_KGIG\Тор\Тор\Тор.cpp(55,10): warning C4244: 'initializing': conversion from 'double' to 'int', possible loss of data
C:\Users\User\Downloads\BSTU\5Sem\CourseProject\CourseWork_Vlad_Savin_KGIG\Тор\Тор\Тор.cpp(93,25): warning C4244: '=': conversion from 'double' to 'int', possible loss of data
  АфинПреобр3.cpp
  АфинПреобр2.cpp
  SizeDialog.cpp
  MainFrm.cpp
  MYGDI.CPP
  LIB.CPP
  ChildView.CPP
  CMATRIX.CPP
  Generating Code...
  Тор.vcxproj -> C:\Users\User\Downloads\BSTU\5Sem\CourseProject\CourseWork_Vlad_Savin_KGIG\Тор\Debug\Тор.exe
